<?xml version="1.0" encoding="UTF-8"?>
<testsuite name="io.github.askmeagain.lazygen.LazyGenTests" tests="1" skipped="0" failures="0" errors="0" timestamp="2022-03-18T22:14:15" hostname="devbox" time="0.012">
  <properties/>
  <testcase name="classResultWithInput()" classname="io.github.askmeagain.lazygen.LazyGenTests" time="0.012"/>
  <system-out><![CDATA[]]></system-out>
  <system-err><![CDATA[]]></system-err>
</testsuite>
